2020/03/18 15:18:18 PM base.py[line:440] INFO Adding job tentatively -- it will be properly scheduled when the scheduler starts
2020/03/18 15:18:18 PM base.py[line:881] INFO Added job "main" to job store "default"
2020/03/18 15:18:18 PM base.py[line:166] INFO Scheduler started
2020/03/18 15:20:00 PM base.py[line:123] INFO Running job "main (trigger: cron[day_of_week='*', hour='*', minute='*/5', second='0'], next run at: 2020-03-18 15:20:00 CST)" (scheduled at 2020-03-18 15:20:00+08:00)
2020/03/18 15:20:00 PM run.py[line:58] INFO 脚本url2db.py存在, 准备运行脚本. 
2020/03/18 15:20:02 PM url2db.py[line:56] INFO 获取数据[{"wdcode":"zb","valuecode":"A0G01"}]成功
2020/03/18 15:20:04 PM url2db.py[line:56] INFO 获取数据[{"wdcode":"zb","valuecode":"A0G02"}]成功
2020/03/18 15:20:07 PM url2db.py[line:56] INFO 获取数据[{"wdcode":"zb","valuecode":"A0G04"}]成功
2020/03/18 15:20:09 PM url2db.py[line:56] INFO 获取数据[{"wdcode":"zb","valuecode":"A0G05"}]成功
2020/03/18 15:20:11 PM url2db.py[line:56] INFO 获取数据[{"wdcode":"zb","valuecode":"A0G06"}]成功
2020/03/18 15:20:13 PM url2db.py[line:56] INFO 获取数据[{"wdcode":"zb","valuecode":"A0G07"}]成功
2020/03/18 15:20:16 PM url2db.py[line:56] INFO 获取数据[{"wdcode":"zb","valuecode":"A0G08"}]成功
2020/03/18 15:20:18 PM url2db.py[line:56] INFO 获取数据[{"wdcode":"zb","valuecode":"A0G09"}]成功
2020/03/18 15:20:21 PM url2db.py[line:56] INFO 获取数据[{"wdcode":"zb","valuecode":"A0G0F"}]成功
2020/03/18 15:20:23 PM url2db.py[line:56] INFO 获取数据[{"wdcode":"zb","valuecode":"A0G0G"}]成功
2020/03/18 15:20:25 PM url2db.py[line:56] INFO 获取数据[{"wdcode":"zb","valuecode":"A0G0I"}]成功
2020/03/18 15:20:28 PM url2db.py[line:56] INFO 获取数据[{"wdcode":"zb","valuecode":"A0G0J"}]成功
2020/03/18 15:20:30 PM url2db.py[line:56] INFO 获取数据[{"wdcode":"zb","valuecode":"A0G0K"}]成功
2020/03/18 15:20:32 PM url2db.py[line:56] INFO 获取数据[{"wdcode":"zb","valuecode":"A0G0L"}]成功
2020/03/18 15:20:35 PM url2db.py[line:56] INFO 获取数据[{"wdcode":"zb","valuecode":"A0G0O"}]成功
2020/03/18 15:20:38 PM url2db.py[line:56] INFO 获取数据[{"wdcode":"zb","valuecode":"A0G0P02"}]成功
2020/03/18 15:20:40 PM url2db.py[line:56] INFO 获取数据[{"wdcode":"zb","valuecode":"A0G0P03"}]成功
2020/03/18 15:20:43 PM url2db.py[line:56] INFO 获取数据[{"wdcode":"zb","valuecode":"A0G0Q02"}]成功
2020/03/18 15:20:46 PM url2db.py[line:56] INFO 获取数据[{"wdcode":"zb","valuecode":"A0G0Q03"}]成功
2020/03/18 15:20:49 PM url2db.py[line:56] INFO 获取数据[{"wdcode":"zb","valuecode":"A0G0T"}]成功
2020/03/18 15:20:51 PM url2db.py[line:56] INFO 获取数据[{"wdcode":"zb","valuecode":"A0G0U"}]成功
2020/03/18 15:20:53 PM url2db.py[line:56] INFO 获取数据[{"wdcode":"zb","valuecode":"A0G0Z"}]成功
2020/03/18 15:21:08 PM run.py[line:64] INFO 脚本url2db.py运行成功. 
2020/03/18 15:21:08 PM base.py[line:144] INFO Job "main (trigger: cron[day_of_week='*', hour='*', minute='*/5', second='0'], next run at: 2020-03-18 15:25:00 CST)" executed successfully
2020/03/18 15:22:00 PM base.py[line:440] INFO Adding job tentatively -- it will be properly scheduled when the scheduler starts
2020/03/18 15:22:00 PM base.py[line:881] INFO Added job "main" to job store "default"
2020/03/18 15:22:00 PM base.py[line:166] INFO Scheduler started
2020/03/18 17:31:57 PM base.py[line:440] INFO Adding job tentatively -- it will be properly scheduled when the scheduler starts
2020/03/18 17:31:57 PM base.py[line:881] INFO Added job "main" to job store "default"
2020/03/18 17:31:57 PM base.py[line:166] INFO Scheduler started
2020/03/18 17:35:00 PM base.py[line:123] INFO Running job "main (trigger: cron[day_of_week='*', hour='*', minute='*/5', second='0'], next run at: 2020-03-18 17:35:00 CST)" (scheduled at 2020-03-18 17:35:00+08:00)
2020/03/18 17:35:00 PM run.py[line:58] INFO 脚本url2db.py存在, 准备运行脚本. 
2020/03/18 17:35:02 PM url2db.py[line:66] INFO 获取数据[{"wdcode":"zb","valuecode":"A0G01"}]成功
2020/03/18 17:35:04 PM url2db.py[line:66] INFO 获取数据[{"wdcode":"zb","valuecode":"A0G02"}]成功
2020/03/18 17:35:06 PM url2db.py[line:66] INFO 获取数据[{"wdcode":"zb","valuecode":"A0G04"}]成功
2020/03/18 17:35:09 PM url2db.py[line:66] INFO 获取数据[{"wdcode":"zb","valuecode":"A0G05"}]成功
2020/03/18 17:35:11 PM url2db.py[line:66] INFO 获取数据[{"wdcode":"zb","valuecode":"A0G06"}]成功
2020/03/18 17:35:13 PM url2db.py[line:66] INFO 获取数据[{"wdcode":"zb","valuecode":"A0G07"}]成功
2020/03/18 17:35:15 PM url2db.py[line:66] INFO 获取数据[{"wdcode":"zb","valuecode":"A0G08"}]成功
2020/03/18 17:35:18 PM url2db.py[line:66] INFO 获取数据[{"wdcode":"zb","valuecode":"A0G09"}]成功
2020/03/18 17:35:20 PM url2db.py[line:66] INFO 获取数据[{"wdcode":"zb","valuecode":"A0G0F"}]成功
2020/03/18 17:35:23 PM url2db.py[line:66] INFO 获取数据[{"wdcode":"zb","valuecode":"A0G0G"}]成功
2020/03/18 17:35:25 PM url2db.py[line:66] INFO 获取数据[{"wdcode":"zb","valuecode":"A0G0I"}]成功
2020/03/18 17:35:28 PM url2db.py[line:66] INFO 获取数据[{"wdcode":"zb","valuecode":"A0G0J"}]成功
2020/03/18 17:35:30 PM url2db.py[line:66] INFO 获取数据[{"wdcode":"zb","valuecode":"A0G0K"}]成功
2020/03/18 17:35:32 PM url2db.py[line:66] INFO 获取数据[{"wdcode":"zb","valuecode":"A0G0L"}]成功
2020/03/18 17:35:35 PM url2db.py[line:66] INFO 获取数据[{"wdcode":"zb","valuecode":"A0G0O"}]成功
2020/03/18 17:35:38 PM url2db.py[line:66] INFO 获取数据[{"wdcode":"zb","valuecode":"A0G0P02"}]成功
2020/03/18 17:35:41 PM url2db.py[line:66] INFO 获取数据[{"wdcode":"zb","valuecode":"A0G0P03"}]成功
2020/03/18 17:35:44 PM url2db.py[line:66] INFO 获取数据[{"wdcode":"zb","valuecode":"A0G0Q02"}]成功
2020/03/18 17:35:46 PM url2db.py[line:66] INFO 获取数据[{"wdcode":"zb","valuecode":"A0G0Q03"}]成功
2020/03/18 17:35:49 PM url2db.py[line:66] INFO 获取数据[{"wdcode":"zb","valuecode":"A0G0T"}]成功
2020/03/18 17:35:51 PM url2db.py[line:66] INFO 获取数据[{"wdcode":"zb","valuecode":"A0G0U"}]成功
2020/03/18 17:35:53 PM url2db.py[line:66] INFO 获取数据[{"wdcode":"zb","valuecode":"A0G0Z"}]成功
2020/03/18 17:36:09 PM run.py[line:64] INFO 脚本url2db.py运行成功. 
2020/03/18 17:36:09 PM base.py[line:144] INFO Job "main (trigger: cron[day_of_week='*', hour='*', minute='*/5', second='0'], next run at: 2020-03-18 17:40:00 CST)" executed successfully
2020/03/18 17:36:32 PM base.py[line:440] INFO Adding job tentatively -- it will be properly scheduled when the scheduler starts
2020/03/18 17:36:32 PM base.py[line:881] INFO Added job "main" to job store "default"
2020/03/18 17:36:32 PM base.py[line:166] INFO Scheduler started
2020/03/19 08:56:44 AM base.py[line:440] INFO Adding job tentatively -- it will be properly scheduled when the scheduler starts
2020/03/19 08:56:44 AM base.py[line:881] INFO Added job "main" to job store "default"
2020/03/19 08:56:44 AM base.py[line:166] INFO Scheduler started
